%このファイルは日本語文字を含みます.
\BOOKMARK [1][-]{section.1}{\376\377\166\356\166\204}{}% 1
\BOOKMARK [1][-]{section.2}{\376\377\123\237\164\006}{}% 2
\BOOKMARK [2][-]{subsection.2.1}{\376\377\226\373\170\301\154\342}{section.2}% 3
\BOOKMARK [2][-]{subsection.2.2}{\376\377\121\161\143\057\126\336\215\357}{section.2}% 4
\BOOKMARK [2][-]{subsection.2.3}{\376\377\060\330\060\306\060\355\060\300\060\244\060\363\151\034\154\342}{section.2}% 5
\BOOKMARK [2][-]{subsection.2.4}{\376\377\060\300\060\244\060\335\060\374\060\353\060\242\060\363\060\306\060\312}{section.2}% 6
\BOOKMARK [1][-]{section.3}{\376\377\212\262\230\114\0001\000:\000\040\232\330\124\150\154\342\117\341\123\367\156\054\133\232\060\156\127\372\171\016}{}% 7
\BOOKMARK [2][-]{subsection.3.1}{\376\377\060\252\060\267\060\355\060\271\060\263\060\374\060\327\060\153\060\210\060\213\156\054\133\232}{section.3}% 8
\BOOKMARK [2][-]{subsection.3.2}{\376\377\060\321\060\357\060\374\060\341\060\374\060\277\060\153\060\210\060\213\156\054\133\232}{section.3}% 9
\BOOKMARK [1][-]{section.4}{\376\377\212\262\230\114\0002\000:\000\040\060\244\060\363\060\324\060\374\060\300\060\363\060\271\116\015\145\164\124\010\060\153\060\210\060\213\226\373\170\301\154\342\060\156\123\315\134\004}{}% 10
\BOOKMARK [2][-]{subsection.4.1}{\376\377\145\271\154\325}{section.4}% 11
\BOOKMARK [2][-]{subsection.4.2}{\376\377\175\120\147\234}{section.4}% 12
\BOOKMARK [2][-]{subsection.4.3}{\376\377\200\003\133\337}{section.4}% 13
\BOOKMARK [1][-]{section.5}{\376\377\212\262\230\114\0003\000:\000\040\226\306\116\055\133\232\145\160\126\336\215\357\060\150\122\006\136\003\133\232\145\160\126\336\215\357\060\153\060\112\060\121\060\213\121\161\143\057\162\171\140\047}{}% 14
\BOOKMARK [2][-]{subsection.5.1}{\376\377\145\271\154\325}{section.5}% 15
\BOOKMARK [2][-]{subsection.5.2}{\376\377\175\120\147\234}{section.5}% 16
\BOOKMARK [2][-]{subsection.5.3}{\376\377\200\003\133\337}{section.5}% 17
\BOOKMARK [1][-]{section.6}{\376\377\212\262\230\114\0004\000:\000\040\060\330\060\306\060\355\060\300\060\244\060\363\151\034\154\342}{}% 18
\BOOKMARK [2][-]{subsection.6.1}{\376\377\145\271\154\325}{section.6}% 19
\BOOKMARK [2][-]{subsection.6.2}{\376\377\175\120\147\234}{section.6}% 20
\BOOKMARK [2][-]{subsection.6.3}{\376\377\200\003\133\337}{section.6}% 21
\BOOKMARK [1][-]{section.7}{\376\377\212\262\230\114\0005\000:\000\040\123\112\154\342\225\167\060\242\060\363\060\306\060\312\060\153\060\112\060\121\060\213\226\373\154\027\123\314\151\165\133\120\145\076\134\004}{}% 22
\BOOKMARK [2][-]{subsection.7.1}{\376\377\145\271\154\325}{section.7}% 23
\BOOKMARK [2][-]{subsection.7.2}{\376\377\175\120\147\234}{section.7}% 24
\BOOKMARK [2][-]{subsection.7.3}{\376\377\200\003\133\337}{section.7}% 25
\BOOKMARK [1][-]{section.8}{\376\377\175\120\212\326}{}% 26
