%このファイルは日本語文字を含みます.
\BOOKMARK [1][-]{section.1}{\376\377\166\356\166\204}{}% 1
\BOOKMARK [1][-]{section.2}{\376\377\123\237\164\006}{}% 2
\BOOKMARK [2][-]{subsection.2.1}{\376\377\175\040\174\222\133\120\060\156\166\370\116\222\117\134\165\050}{section.2}% 3
\BOOKMARK [2][-]{subsection.2.2}{\376\377\170\301\154\027\060\342\060\374\060\341\060\363\060\310}{section.2}% 4
\BOOKMARK [2][-]{subsection.2.3}{\376\377\060\337\060\345\060\374\060\252\060\363\060\153\120\315\060\117\166\370\116\222\117\134\165\050}{section.2}% 5
\BOOKMARK [1][-]{section.3}{\376\377\133\237\232\023\210\305\177\156}{}% 6
\BOOKMARK [1][-]{section.4}{\376\377\212\262\230\114\0001\000:\000\040\060\337\060\345\060\374\060\252\060\363\135\051\130\312\116\213\214\141\060\156\156\054\133\232}{}% 7
\BOOKMARK [2][-]{subsection.4.1}{\376\377\145\271\154\325}{section.4}% 8
\BOOKMARK [2][-]{subsection.4.2}{\376\377\175\120\147\234}{section.4}% 9
\BOOKMARK [2][-]{subsection.4.3}{\376\377\200\003\133\337}{section.4}% 10
\BOOKMARK [1][-]{section.5}{\376\377\212\262\230\114\0002\000:\000\040\116\000\151\330\170\301\130\064\060\156\165\037\142\020}{}% 11
\BOOKMARK [2][-]{subsection.5.1}{\376\377\145\271\154\325}{section.5}% 12
\BOOKMARK [2][-]{subsection.5.2}{\376\377\175\120\147\234}{section.5}% 13
\BOOKMARK [2][-]{subsection.5.3}{\376\377\200\003\133\337}{section.5}% 14
\BOOKMARK [1][-]{section.6}{\376\377\212\262\230\114\0003\000:\000\040\060\337\060\345\060\374\060\252\060\363\170\301\154\027\060\342\060\374\060\341\060\363\060\310\060\156\156\054\133\232}{}% 15
\BOOKMARK [2][-]{subsection.6.1}{\376\377\145\271\154\325}{section.6}% 16
\BOOKMARK [2][-]{subsection.6.2}{\376\377\175\120\147\234}{section.6}% 17
\BOOKMARK [2][-]{subsection.6.3}{\376\377\200\003\133\337}{section.6}% 18
\BOOKMARK [1][-]{section.7}{\376\377\212\055\125\117\060\170\060\156\211\343\173\124}{}% 19
\BOOKMARK [1][-]{section.8}{\376\377\175\120\212\326}{}% 20
